<?xml version="1.0" encoding="UTF-8"?>
<!-- Generated by org.testng.reporters.JUnitReportReporter -->
<testsuite hostname="DESKTOP-VQJDNMF" failures="0" tests="3" name="demo.Day1" time="0.004" errors="0" timestamp="2022-09-06T10:38:55 IST" skipped="0">
  <testcase classname="demo.Day1" name="test1" time="0.002"/>
  <system-out/>
  <testcase classname="demo.Day1" name="test2" time="0.001"/>
  <system-out/>
  <testcase classname="demo.Day1" name="test3" time="0.001"/>
  <system-out/>
</testsuite> <!-- demo.Day1 -->
