<?xml version="1.0" encoding="UTF-8"?>
<!-- Generated by org.testng.reporters.JUnitReportReporter -->
<testsuite hostname="DESKTOP-VQJDNMF" failures="0" tests="3" name="demo.Day2" time="0.003" errors="0" timestamp="2022-09-06T10:38:55 IST" skipped="0">
  <testcase classname="demo.Day2" name="test5" time="0.001"/>
  <system-out/>
  <testcase classname="demo.Day2" name="test6" time="0.001"/>
  <system-out/>
  <testcase classname="demo.Day2" name="test4" time="0.001"/>
  <system-out/>
</testsuite> <!-- demo.Day2 -->
