<?xml version="1.0" encoding="UTF-8"?>
<!-- Generated by org.testng.reporters.JUnitReportReporter -->
<testsuite hostname="DESKTOP-VQJDNMF" failures="0" tests="1" name="demo.BasicProg" time="0.008" errors="0" timestamp="2022-09-06T10:38:55 IST" skipped="0">
  <testcase classname="demo.BasicProg" name="FirstTest" time="0.008"/>
  <system-out/>
</testsuite> <!-- demo.BasicProg -->
